<?xml version="1.0" encoding="UTF-8"?>
<!-- Generated by org.testng.reporters.JUnitXMLReporter -->
<testsuite ignored="0" hostname="LAPTOP-HRRLCGBU" failures="0" tests="18" name="demo" time="596.521" errors="0" timestamp="2024-09-07T18:19:08 IST">
  <testcase classname="chrome.desktop.resolutionsA.CalleyDeskA" name="calleyPage" time="20.513"/>
  <testcase classname="chrome.desktop.resolutionsC.CalleyDeskC" name="calleyPage" time="21.761"/>
  <testcase classname="chrome.desktop.resolutionsB.CalleyDeskB" name="calleyPage" time="19.735"/>
  <testcase classname="chrome.mobile.resolutionC.CalleyMobileC" name="calleyPage" time="15.805"/>
  <testcase classname="chrome.mobile.resolutionB.CalleyMobileB" name="calleyPage" time="18.052"/>
  <testcase classname="chrome.mobile.resolutionA.CalleyMobileA" name="calleyPage" time="22.061"/>
  <testcase classname="firefox.desktop.resolutionsA.CalleyDeskA" name="calleyPage" time="43.589"/>
  <testcase classname="firefox.desktop.resolutionsC.CalleyDeskC" name="calleyPage" time="39.806"/>
  <testcase classname="firefox.desktop.resolutionsB.CalleyDeskB" name="calleyPage" time="41.271"/>
  <testcase classname="firefox.mobile.resolutionC.CalleyMobileC" name="calleyPage" time="37.046"/>
  <testcase classname="firefox.mobile.resolutionB.CalleyMobileB" name="calleyPage" time="29.91"/>
  <testcase classname="firefox.mobile.resolutionA.CalleyMobileA" name="calleyPage" time="32.31"/>
  <testcase classname="edge.desktop.resolutionsA.CalleyDeskA" name="calleyPage" time="37.099"/>
  <testcase classname="edge.desktop.resolutionsC.CalleyDeskC" name="calleyPage" time="35.919"/>
  <testcase classname="edge.desktop.resolutionsB.CalleyDeskB" name="calleyPage" time="38.09"/>
  <testcase classname="edge.mobile.resolutionC.CalleyMobileC" name="calleyPage" time="36.323"/>
  <testcase classname="edge.mobile.resolutionB.CalleyMobileB" name="calleyPage" time="34.179"/>
  <testcase classname="edge.mobile.resolutionA.CalleyMobileA" name="calleyPage" time="40.829"/>
</testsuite> <!-- demo -->
