<?xml version="1.0" encoding="UTF-8"?>
<!-- Generated by org.testng.reporters.JUnitXMLReporter -->
<testsuite ignored="0" hostname="LAPTOP-HRRLCGBU" failures="7" tests="30" name="Test" time="949.677" errors="0" timestamp="2024-09-07T23:50:03 IST">
  <testcase classname="firefox.mobile.resolutionC.CalleyMobileC" name="@AfterTest tearDown" time="0.0">
    <failure type="java.lang.NullPointerException" message="Cannot invoke &amp;quot;org.openqa.selenium.WebDriver.quit()&amp;quot; because &amp;quot;firefox.mobile.resolutionC.CalleyMobileC.driver&amp;quot; is null">
      <![CDATA[java.lang.NullPointerException: Cannot invoke "org.openqa.selenium.WebDriver.quit()" because "firefox.mobile.resolutionC.CalleyMobileC.driver" is null
at firefox.mobile.resolutionC.CalleyMobileC.tearDown(CalleyMobileC.java:33)
... Removed 24 stack frames]]>
    </failure>
  </testcase> <!-- @AfterTest tearDown -->
  <testcase classname="firefox.desktop.resolutionsB.DemoPage" name="@AfterTest tearDown" time="-1.725733202979E9">
    <skipped/>
  </testcase> <!-- @AfterTest tearDown -->
  <testcase classname="firefox.desktop.resolutionsC.DemoPage" name="@AfterTest tearDown" time="-1.725733202983E9">
    <skipped/>
  </testcase> <!-- @AfterTest tearDown -->
  <testcase classname="firefox.mobile.resolutionA.DemoPage" name="@AfterTest tearDown" time="-1.725733202983E9">
    <skipped/>
  </testcase> <!-- @AfterTest tearDown -->
  <testcase classname="firefox.mobile.resolutionB.DemoPage" name="@AfterTest tearDown" time="-1.725733202983E9">
    <skipped/>
  </testcase> <!-- @AfterTest tearDown -->
  <testcase classname="firefox.mobile.resolutionC.DemoPage" name="@AfterTest tearDown" time="-1.725733202983E9">
    <skipped/>
  </testcase> <!-- @AfterTest tearDown -->
  <testcase classname="firefox.desktop.resolutionsA.DemoPageA" name="@AfterTest tearDown" time="-1.725733202987E9">
    <skipped/>
  </testcase> <!-- @AfterTest tearDown -->
  <testcase classname="firefox.mobile.resolutionA.LifetimeOfferMobileA" name="@AfterTest tearDown" time="-1.725733202987E9">
    <skipped/>
  </testcase> <!-- @AfterTest tearDown -->
  <testcase classname="firefox.mobile.resolutionB.LifetimeOfferPageB" name="@AfterTest tearDown" time="-1.725733202987E9">
    <skipped/>
  </testcase> <!-- @AfterTest tearDown -->
  <testcase classname="firefox.mobile.resolutionC.LifetimeOfferPageC" name="@AfterTest tearDown" time="-1.725733202991E9">
    <skipped/>
  </testcase> <!-- @AfterTest tearDown -->
  <testcase classname="firefox.desktop.resolutionsA.ProFeatures" name="@AfterTest tearDown" time="-1.725733202991E9">
    <skipped/>
  </testcase> <!-- @AfterTest tearDown -->
  <testcase classname="firefox.desktop.resolutionsB.ProFeatures" name="@AfterTest tearDown" time="-1.725733202991E9">
    <skipped/>
  </testcase> <!-- @AfterTest tearDown -->
  <testcase classname="firefox.desktop.resolutionsC.ProFeatures" name="@AfterTest tearDown" time="-1.725733202995E9">
    <skipped/>
  </testcase> <!-- @AfterTest tearDown -->
  <testcase classname="firefox.mobile.resolutionA.ProFeatures" name="@AfterTest tearDown" time="-1.725733202995E9">
    <skipped/>
  </testcase> <!-- @AfterTest tearDown -->
  <testcase classname="firefox.mobile.resolutionB.ProFeatures" name="@AfterTest tearDown" time="-1.725733202995E9">
    <skipped/>
  </testcase> <!-- @AfterTest tearDown -->
  <testcase classname="firefox.mobile.resolutionC.ProFeatures" name="@AfterTest tearDown" time="-1.725733202999E9">
    <skipped/>
  </testcase> <!-- @AfterTest tearDown -->
  <testcase classname="firefox.desktop.resolutionsA.TeamFeatures" name="@AfterTest tearDown" time="-1.725733202999E9">
    <skipped/>
  </testcase> <!-- @AfterTest tearDown -->
  <testcase classname="firefox.desktop.resolutionsB.TeamFeatures" name="@AfterTest tearDown" time="-1.725733202999E9">
    <skipped/>
  </testcase> <!-- @AfterTest tearDown -->
  <testcase classname="firefox.desktop.resolutionsC.TeamFeatures" name="@AfterTest tearDown" time="-1.725733203003E9">
    <skipped/>
  </testcase> <!-- @AfterTest tearDown -->
  <testcase classname="firefox.mobile.resolutionA.TeamFeatures" name="@AfterTest tearDown" time="-1.725733203003E9">
    <skipped/>
  </testcase> <!-- @AfterTest tearDown -->
  <testcase classname="firefox.mobile.resolutionB.TeamFeatures" name="@AfterTest tearDown" time="-1.725733203003E9">
    <skipped/>
  </testcase> <!-- @AfterTest tearDown -->
  <testcase classname="firefox.mobile.resolutionC.TeamFeatures" name="@AfterTest tearDown" time="-1.725733203007E9">
    <skipped/>
  </testcase> <!-- @AfterTest tearDown -->
  <testcase classname="firefox.desktop.resolutionsA.TeamFeatures" name="teamFeatures" time="24.116"/>
  <testcase classname="firefox.desktop.resolutionsA.DemoPageA" name="demoPage" time="21.766"/>
  <testcase classname="firefox.desktop.resolutionsA.ProFeatures" name="proFeatures" time="21.402"/>
  <testcase classname="firefox.desktop.resolutionsA.CalleyDeskA" name="calleyPage" time="26.513"/>
  <testcase classname="firefox.desktop.resolutionsA.CalleyLifetimeOffer" name="lifeTimeOfferPage" time="18.923"/>
  <testcase classname="firefox.desktop.resolutionsB.DemoPage" name="demoPage" time="20.882"/>
  <testcase classname="firefox.desktop.resolutionsB.ProFeatures" name="proFeatures" time="21.927"/>
  <testcase classname="firefox.desktop.resolutionsB.CalleyDeskB" name="calleyPage" time="26.844"/>
  <testcase classname="firefox.desktop.resolutionsB.CalleyLifetimeOfferB" name="lifeTimeOfferPage" time="18.897"/>
  <testcase classname="firefox.desktop.resolutionsB.TeamFeatures" name="teamFeatures" time="24.968"/>
  <testcase classname="firefox.desktop.resolutionsC.TeamFeatures" name="teamFeatures" time="25.253"/>
  <testcase classname="firefox.desktop.resolutionsC.DemoPage" name="demoPage" time="24.114"/>
  <testcase classname="firefox.desktop.resolutionsC.CalleyLifetimeOfferB" name="lifeTimeOfferPage" time="27.514"/>
  <testcase classname="firefox.desktop.resolutionsC.CalleyDeskC" name="calleyPage" time="30.616"/>
  <testcase classname="firefox.desktop.resolutionsC.ProFeatures" name="proFeatures" time="26.755"/>
  <testcase classname="firefox.mobile.resolutionA.DemoPage" name="demoPage" time="22.347"/>
  <testcase classname="firefox.mobile.resolutionA.LifetimeOfferMobileA" name="lifeTimeOfferPage" time="20.342"/>
  <testcase classname="firefox.mobile.resolutionA.ProFeatures" name="proFeatures" time="24.15"/>
  <testcase classname="firefox.mobile.resolutionA.CalleyMobileA" name="calleyPage" time="30.144"/>
  <testcase classname="firefox.mobile.resolutionA.TeamFeatures" name="teamFeatures" time="28.75"/>
  <testcase classname="firefox.mobile.resolutionB.CalleyMobileB" name="calleyPage" time="31.205"/>
  <testcase classname="firefox.mobile.resolutionB.ProFeatures" name="proFeatures" time="30.627"/>
  <testcase classname="firefox.mobile.resolutionB.TeamFeatures" name="teamFeatures" time="29.103"/>
  <testcase classname="firefox.mobile.resolutionB.DemoPage" name="demoPage" time="26.745">
    <failure type="org.openqa.selenium.NoSuchSessionException" message="WebDriver session does not exist, or is not active
Build info: version: &amp;apos;4.24.0&amp;apos;, revision: &amp;apos;748ffc9bc3&amp;apos;
System info: os.name: &amp;apos;Windows 11&amp;apos;, os.arch: &amp;apos;amd64&amp;apos;, os.version: &amp;apos;10.0&amp;apos;, java.version: &amp;apos;17.0.11&amp;apos;
Driver info: org.openqa.selenium.firefox.FirefoxDriver
Command: [9da21a26-2287-49ea-93a5-011a5f758873, executeScript {script=return window.devicePixelRatio;, args=[]}]
Capabilities {acceptInsecureCerts: true, browserName: firefox, browserVersion: 130.0, moz:accessibilityChecks: false, moz:buildID: 20240829075237, moz:debuggerAddress: 127.0.0.1:35172, moz:geckodriverVersion: 0.35.0, moz:headless: false, moz:platformVersion: 10.0, moz:processID: 60564, moz:profile: C:\Users\asus\AppData\Local..., moz:shutdownTimeout: 60000, moz:webdriverClick: true, moz:windowless: false, pageLoadStrategy: normal, platformName: windows, proxy: Proxy(), se:cdp: ws://127.0.0.1:35172/devtoo..., se:cdpVersion: 85.0, setWindowRect: true, strictFileInteractability: false, timeouts: {implicit: 0, pageLoad: 300000, script: 30000}, unhandledPromptBehavior: dismiss and notify, userAgent: Mozilla/5.0 (Windows NT 10....}
Session ID: 9da21a26-2287-49ea-93a5-011a5f758873">
      <![CDATA[org.openqa.selenium.NoSuchSessionException: WebDriver session does not exist, or is not active
Build info: version: '4.24.0', revision: '748ffc9bc3'
System info: os.name: 'Windows 11', os.arch: 'amd64', os.version: '10.0', java.version: '17.0.11'
Driver info: org.openqa.selenium.firefox.FirefoxDriver
Command: [9da21a26-2287-49ea-93a5-011a5f758873, executeScript {script=return window.devicePixelRatio;, args=[]}]
Capabilities {acceptInsecureCerts: true, browserName: firefox, browserVersion: 130.0, moz:accessibilityChecks: false, moz:buildID: 20240829075237, moz:debuggerAddress: 127.0.0.1:35172, moz:geckodriverVersion: 0.35.0, moz:headless: false, moz:platformVersion: 10.0, moz:processID: 60564, moz:profile: C:\Users\asus\AppData\Local..., moz:shutdownTimeout: 60000, moz:webdriverClick: true, moz:windowless: false, pageLoadStrategy: normal, platformName: windows, proxy: Proxy(), se:cdp: ws://127.0.0.1:35172/devtoo..., se:cdpVersion: 85.0, setWindowRect: true, strictFileInteractability: false, timeouts: {implicit: 0, pageLoad: 300000, script: 30000}, unhandledPromptBehavior: dismiss and notify, userAgent: Mozilla/5.0 (Windows NT 10....}
Session ID: 9da21a26-2287-49ea-93a5-011a5f758873
at org.openqa.selenium.remote.ErrorCodec.decode(ErrorCodec.java:167)
at org.openqa.selenium.remote.codec.w3c.W3CHttpResponseCodec.decode(W3CHttpResponseCodec.java:138)
at org.openqa.selenium.remote.codec.w3c.W3CHttpResponseCodec.decode(W3CHttpResponseCodec.java:50)
at org.openqa.selenium.remote.HttpCommandExecutor.execute(HttpCommandExecutor.java:190)
at org.openqa.selenium.remote.service.DriverCommandExecutor.invokeExecute(DriverCommandExecutor.java:216)
at org.openqa.selenium.remote.service.DriverCommandExecutor.execute(DriverCommandExecutor.java:174)
at org.openqa.selenium.remote.RemoteWebDriver.execute(RemoteWebDriver.java:545)
at org.openqa.selenium.remote.RemoteWebDriver.executeScript(RemoteWebDriver.java:476)
at com.assertthat.selenium_shutterbug.utils.web.Browser.executeJsScript(Browser.java:872)
at com.assertthat.selenium_shutterbug.utils.web.Browser.<init>(Browser.java:81)
at com.assertthat.selenium_shutterbug.core.Shutterbug.shootPage(Shutterbug.java:139)
at com.assertthat.selenium_shutterbug.core.Shutterbug.shootPage(Shutterbug.java:123)
at firefox.mobile.resolutionB.DemoPage.demoPage(DemoPage.java:29)
at java.base/java.util.ArrayList.forEach(ArrayList.java:1511)
... Removed 32 stack frames]]>
    </failure>
  </testcase> <!-- demoPage -->
  <testcase classname="firefox.mobile.resolutionB.LifetimeOfferPageB" name="lifeTimeOfferPage" time="21.322">
    <failure type="org.openqa.selenium.SessionNotCreatedException" message="Could not start a new session. Response code 500. Message: Failed to decode response from marionette 
Host info: host: &amp;apos;LAPTOP-HRRLCGBU&amp;apos;, ip: &amp;apos;192.168.0.109&amp;apos;
Build info: version: &amp;apos;4.24.0&amp;apos;, revision: &amp;apos;748ffc9bc3&amp;apos;
System info: os.name: &amp;apos;Windows 11&amp;apos;, os.arch: &amp;apos;amd64&amp;apos;, os.version: &amp;apos;10.0&amp;apos;, java.version: &amp;apos;17.0.11&amp;apos;
Driver info: org.openqa.selenium.firefox.FirefoxDriver
Command: [null, newSession {capabilities=[Capabilities {acceptInsecureCerts: true, browserName: firefox, moz:debuggerAddress: true, moz:firefoxOptions: {binary: C:\Users\asus\.cache\seleni..., prefs: {remote.active-protocols: 3}}}]}]">
      <![CDATA[org.openqa.selenium.SessionNotCreatedException: Could not start a new session. Response code 500. Message: Failed to decode response from marionette 
Host info: host: 'LAPTOP-HRRLCGBU', ip: '192.168.0.109'
Build info: version: '4.24.0', revision: '748ffc9bc3'
System info: os.name: 'Windows 11', os.arch: 'amd64', os.version: '10.0', java.version: '17.0.11'
Driver info: org.openqa.selenium.firefox.FirefoxDriver
Command: [null, newSession {capabilities=[Capabilities {acceptInsecureCerts: true, browserName: firefox, moz:debuggerAddress: true, moz:firefoxOptions: {binary: C:\Users\asus\.cache\seleni..., prefs: {remote.active-protocols: 3}}}]}]
at org.openqa.selenium.remote.ProtocolHandshake.createSession(ProtocolHandshake.java:114)
at org.openqa.selenium.remote.ProtocolHandshake.createSession(ProtocolHandshake.java:75)
at org.openqa.selenium.remote.ProtocolHandshake.createSession(ProtocolHandshake.java:61)
at org.openqa.selenium.remote.HttpCommandExecutor.execute(HttpCommandExecutor.java:162)
at org.openqa.selenium.remote.service.DriverCommandExecutor.invokeExecute(DriverCommandExecutor.java:216)
at org.openqa.selenium.remote.service.DriverCommandExecutor.execute(DriverCommandExecutor.java:174)
at org.openqa.selenium.remote.RemoteWebDriver.execute(RemoteWebDriver.java:545)
at org.openqa.selenium.remote.RemoteWebDriver.startSession(RemoteWebDriver.java:245)
at org.openqa.selenium.remote.RemoteWebDriver.<init>(RemoteWebDriver.java:174)
at org.openqa.selenium.firefox.FirefoxDriver.<init>(FirefoxDriver.java:155)
at org.openqa.selenium.firefox.FirefoxDriver.<init>(FirefoxDriver.java:150)
at org.openqa.selenium.firefox.FirefoxDriver.<init>(FirefoxDriver.java:132)
at org.openqa.selenium.firefox.FirefoxDriver.<init>(FirefoxDriver.java:127)
at org.openqa.selenium.firefox.FirefoxDriver.<init>(FirefoxDriver.java:112)
at org.openqa.selenium.firefox.FirefoxDriver.<init>(FirefoxDriver.java:102)
at firefox.mobile.resolutionB.LifetimeOfferPageB.lifeTimeOfferPage(LifetimeOfferPageB.java:21)
at java.base/java.util.ArrayList.forEach(ArrayList.java:1511)
... Removed 27 stack frames]]>
    </failure>
  </testcase> <!-- lifeTimeOfferPage -->
  <testcase classname="firefox.mobile.resolutionC.TeamFeatures" name="teamFeatures" time="22.914">
    <failure type="org.openqa.selenium.WebDriverException" message="Failed to decode response from marionette
Build info: version: &amp;apos;4.24.0&amp;apos;, revision: &amp;apos;748ffc9bc3&amp;apos;
System info: os.name: &amp;apos;Windows 11&amp;apos;, os.arch: &amp;apos;amd64&amp;apos;, os.version: &amp;apos;10.0&amp;apos;, java.version: &amp;apos;17.0.11&amp;apos;
Driver info: org.openqa.selenium.firefox.FirefoxDriver
Command: [5aacba27-5356-41f5-b2bd-3b81242ba7a4, get {url=https://www.getcalley.com/calley-teams-features/}]
Capabilities {acceptInsecureCerts: true, browserName: firefox, browserVersion: 130.0, moz:accessibilityChecks: false, moz:buildID: 20240829075237, moz:debuggerAddress: 127.0.0.1:29760, moz:geckodriverVersion: 0.35.0, moz:headless: false, moz:platformVersion: 10.0, moz:processID: 44948, moz:profile: C:\Users\asus\AppData\Local..., moz:shutdownTimeout: 60000, moz:webdriverClick: true, moz:windowless: false, pageLoadStrategy: normal, platformName: windows, proxy: Proxy(), se:cdp: ws://127.0.0.1:29760/devtoo..., se:cdpVersion: 85.0, setWindowRect: true, strictFileInteractability: false, timeouts: {implicit: 0, pageLoad: 300000, script: 30000}, unhandledPromptBehavior: dismiss and notify, userAgent: Mozilla/5.0 (Windows NT 10....}
Session ID: 5aacba27-5356-41f5-b2bd-3b81242ba7a4">
      <![CDATA[org.openqa.selenium.WebDriverException: Failed to decode response from marionette
Build info: version: '4.24.0', revision: '748ffc9bc3'
System info: os.name: 'Windows 11', os.arch: 'amd64', os.version: '10.0', java.version: '17.0.11'
Driver info: org.openqa.selenium.firefox.FirefoxDriver
Command: [5aacba27-5356-41f5-b2bd-3b81242ba7a4, get {url=https://www.getcalley.com/calley-teams-features/}]
Capabilities {acceptInsecureCerts: true, browserName: firefox, browserVersion: 130.0, moz:accessibilityChecks: false, moz:buildID: 20240829075237, moz:debuggerAddress: 127.0.0.1:29760, moz:geckodriverVersion: 0.35.0, moz:headless: false, moz:platformVersion: 10.0, moz:processID: 44948, moz:profile: C:\Users\asus\AppData\Local..., moz:shutdownTimeout: 60000, moz:webdriverClick: true, moz:windowless: false, pageLoadStrategy: normal, platformName: windows, proxy: Proxy(), se:cdp: ws://127.0.0.1:29760/devtoo..., se:cdpVersion: 85.0, setWindowRect: true, strictFileInteractability: false, timeouts: {implicit: 0, pageLoad: 300000, script: 30000}, unhandledPromptBehavior: dismiss and notify, userAgent: Mozilla/5.0 (Windows NT 10....}
Session ID: 5aacba27-5356-41f5-b2bd-3b81242ba7a4
at org.openqa.selenium.remote.ErrorCodec.decode(ErrorCodec.java:167)
at org.openqa.selenium.remote.codec.w3c.W3CHttpResponseCodec.decode(W3CHttpResponseCodec.java:138)
at org.openqa.selenium.remote.codec.w3c.W3CHttpResponseCodec.decode(W3CHttpResponseCodec.java:50)
at org.openqa.selenium.remote.HttpCommandExecutor.execute(HttpCommandExecutor.java:190)
at org.openqa.selenium.remote.service.DriverCommandExecutor.invokeExecute(DriverCommandExecutor.java:216)
at org.openqa.selenium.remote.service.DriverCommandExecutor.execute(DriverCommandExecutor.java:174)
at org.openqa.selenium.remote.RemoteWebDriver.execute(RemoteWebDriver.java:545)
at org.openqa.selenium.remote.RemoteWebDriver.get(RemoteWebDriver.java:313)
at firefox.mobile.resolutionC.TeamFeatures.teamFeatures(TeamFeatures.java:25)
at java.base/java.util.ArrayList.forEach(ArrayList.java:1511)
... Removed 32 stack frames]]>
    </failure>
  </testcase> <!-- teamFeatures -->
  <testcase classname="firefox.mobile.resolutionC.ProFeatures" name="proFeatures" time="215.227">
    <failure type="java.lang.RuntimeException" message="java.lang.reflect.InvocationTargetException">
      <![CDATA[java.lang.RuntimeException: java.lang.reflect.InvocationTargetException
at com.assertthat.selenium_shutterbug.utils.web.Browser.executeCustomCommand(Browser.java:899)
at com.assertthat.selenium_shutterbug.utils.web.Browser.takeFullPageScreenshotGeckoDriver(Browser.java:735)
at com.assertthat.selenium_shutterbug.utils.web.Browser.takeFullPageScreenshot(Browser.java:150)
at com.assertthat.selenium_shutterbug.core.Shutterbug.shootPage(Shutterbug.java:154)
at com.assertthat.selenium_shutterbug.core.Shutterbug.shootPage(Shutterbug.java:123)
at firefox.mobile.resolutionC.ProFeatures.proFeatures(ProFeatures.java:29)
at java.base/java.util.ArrayList.forEach(ArrayList.java:1511)
at com.assertthat.selenium_shutterbug.utils.web.Browser.executeCustomCommand(Browser.java:896)
... 33 more
Caused by: org.openqa.selenium.TimeoutException: java.util.concurrent.TimeoutException
Build info: version: '4.24.0', revision: '748ffc9bc3'
System info: os.name: 'Windows 11', os.arch: 'amd64', os.version: '10.0', java.version: '17.0.11'
Driver info: org.openqa.selenium.firefox.FirefoxDriver
Command: [6ef8cabb-9247-4363-94a2-ae00f20895e9, mozFullPageScreenshot {}]
Capabilities {acceptInsecureCerts: true, browserName: firefox, browserVersion: 130.0, moz:accessibilityChecks: false, moz:buildID: 20240829075237, moz:debuggerAddress: 127.0.0.1:27513, moz:geckodriverVersion: 0.35.0, moz:headless: false, moz:platformVersion: 10.0, moz:processID: 10008, moz:profile: C:\Users\asus\AppData\Local..., moz:shutdownTimeout: 60000, moz:webdriverClick: true, moz:windowless: false, pageLoadStrategy: normal, platformName: windows, proxy: Proxy(), se:cdp: ws://127.0.0.1:27513/devtoo..., se:cdpVersion: 85.0, setWindowRect: true, strictFileInteractability: false, timeouts: {implicit: 0, pageLoad: 300000, script: 30000}, unhandledPromptBehavior: dismiss and notify, userAgent: Mozilla/5.0 (Windows NT 10....}
Session ID: 6ef8cabb-9247-4363-94a2-ae00f20895e9
at org.openqa.selenium.remote.http.jdk.JdkHttpClient.execute0(JdkHttpClient.java:418)
at org.openqa.selenium.remote.http.AddSeleniumUserAgent.lambda$apply$0(AddSeleniumUserAgent.java:42)
at org.openqa.selenium.remote.http.Filter.lambda$andFinally$1(Filter.java:55)
at org.openqa.selenium.remote.http.jdk.JdkHttpClient.execute(JdkHttpClient.java:374)
at org.openqa.selenium.remote.HttpCommandExecutor.execute(HttpCommandExecutor.java:187)
at org.openqa.selenium.remote.service.DriverCommandExecutor.invokeExecute(DriverCommandExecutor.java:216)
at org.openqa.selenium.remote.service.DriverCommandExecutor.execute(DriverCommandExecutor.java:174)
at org.openqa.selenium.remote.RemoteWebDriver.execute(RemoteWebDriver.java:545)
at org.openqa.selenium.remote.RemoteWebDriver.execute(RemoteWebDriver.java:618)
at org.openqa.selenium.remote.RemoteWebDriver.execute(RemoteWebDriver.java:622)
... 37 more
Caused by: java.util.concurrent.TimeoutException
at java.base/java.util.concurrent.CompletableFuture.timedGet(CompletableFuture.java:1960)
at java.base/java.util.concurrent.CompletableFuture.get(CompletableFuture.java:2095)
at org.openqa.selenium.remote.http.jdk.JdkHttpClient.execute0(JdkHttpClient.java:401)
... 46 more
... Removed 31 stack frames]]>
    </failure>
  </testcase> <!-- proFeatures -->
  <testcase classname="firefox.mobile.resolutionC.DemoPage" name="demoPage" time="27.943">
    <failure type="org.openqa.selenium.SessionNotCreatedException" message="Could not start a new session. Response code 500. Message: Failed to decode response from marionette 
Host info: host: &amp;apos;LAPTOP-HRRLCGBU&amp;apos;, ip: &amp;apos;192.168.0.109&amp;apos;
Build info: version: &amp;apos;4.24.0&amp;apos;, revision: &amp;apos;748ffc9bc3&amp;apos;
System info: os.name: &amp;apos;Windows 11&amp;apos;, os.arch: &amp;apos;amd64&amp;apos;, os.version: &amp;apos;10.0&amp;apos;, java.version: &amp;apos;17.0.11&amp;apos;
Driver info: org.openqa.selenium.firefox.FirefoxDriver
Command: [null, newSession {capabilities=[Capabilities {acceptInsecureCerts: true, browserName: firefox, moz:debuggerAddress: true, moz:firefoxOptions: {binary: C:\Users\asus\.cache\seleni..., prefs: {remote.active-protocols: 3}}}]}]">
      <![CDATA[org.openqa.selenium.SessionNotCreatedException: Could not start a new session. Response code 500. Message: Failed to decode response from marionette 
Host info: host: 'LAPTOP-HRRLCGBU', ip: '192.168.0.109'
Build info: version: '4.24.0', revision: '748ffc9bc3'
System info: os.name: 'Windows 11', os.arch: 'amd64', os.version: '10.0', java.version: '17.0.11'
Driver info: org.openqa.selenium.firefox.FirefoxDriver
Command: [null, newSession {capabilities=[Capabilities {acceptInsecureCerts: true, browserName: firefox, moz:debuggerAddress: true, moz:firefoxOptions: {binary: C:\Users\asus\.cache\seleni..., prefs: {remote.active-protocols: 3}}}]}]
at org.openqa.selenium.remote.ProtocolHandshake.createSession(ProtocolHandshake.java:114)
at org.openqa.selenium.remote.ProtocolHandshake.createSession(ProtocolHandshake.java:75)
at org.openqa.selenium.remote.ProtocolHandshake.createSession(ProtocolHandshake.java:61)
at org.openqa.selenium.remote.HttpCommandExecutor.execute(HttpCommandExecutor.java:162)
at org.openqa.selenium.remote.service.DriverCommandExecutor.invokeExecute(DriverCommandExecutor.java:216)
at org.openqa.selenium.remote.service.DriverCommandExecutor.execute(DriverCommandExecutor.java:174)
at org.openqa.selenium.remote.RemoteWebDriver.execute(RemoteWebDriver.java:545)
at org.openqa.selenium.remote.RemoteWebDriver.startSession(RemoteWebDriver.java:245)
at org.openqa.selenium.remote.RemoteWebDriver.<init>(RemoteWebDriver.java:174)
at org.openqa.selenium.firefox.FirefoxDriver.<init>(FirefoxDriver.java:155)
at org.openqa.selenium.firefox.FirefoxDriver.<init>(FirefoxDriver.java:150)
at org.openqa.selenium.firefox.FirefoxDriver.<init>(FirefoxDriver.java:132)
at org.openqa.selenium.firefox.FirefoxDriver.<init>(FirefoxDriver.java:127)
at org.openqa.selenium.firefox.FirefoxDriver.<init>(FirefoxDriver.java:112)
at org.openqa.selenium.firefox.FirefoxDriver.<init>(FirefoxDriver.java:102)
at firefox.mobile.resolutionC.DemoPage.demoPage(DemoPage.java:21)
at java.base/java.util.ArrayList.forEach(ArrayList.java:1511)
... Removed 27 stack frames]]>
    </failure>
  </testcase> <!-- demoPage -->
  <testcase classname="firefox.mobile.resolutionC.LifetimeOfferPageC" name="lifeTimeOfferPage" time="25.262">
    <failure type="org.openqa.selenium.SessionNotCreatedException" message="Could not start a new session. Response code 500. Message: Failed to decode response from marionette 
Host info: host: &amp;apos;LAPTOP-HRRLCGBU&amp;apos;, ip: &amp;apos;192.168.0.109&amp;apos;
Build info: version: &amp;apos;4.24.0&amp;apos;, revision: &amp;apos;748ffc9bc3&amp;apos;
System info: os.name: &amp;apos;Windows 11&amp;apos;, os.arch: &amp;apos;amd64&amp;apos;, os.version: &amp;apos;10.0&amp;apos;, java.version: &amp;apos;17.0.11&amp;apos;
Driver info: org.openqa.selenium.firefox.FirefoxDriver
Command: [null, newSession {capabilities=[Capabilities {acceptInsecureCerts: true, browserName: firefox, moz:debuggerAddress: true, moz:firefoxOptions: {binary: C:\Users\asus\.cache\seleni..., prefs: {remote.active-protocols: 3}}}]}]">
      <![CDATA[org.openqa.selenium.SessionNotCreatedException: Could not start a new session. Response code 500. Message: Failed to decode response from marionette 
Host info: host: 'LAPTOP-HRRLCGBU', ip: '192.168.0.109'
Build info: version: '4.24.0', revision: '748ffc9bc3'
System info: os.name: 'Windows 11', os.arch: 'amd64', os.version: '10.0', java.version: '17.0.11'
Driver info: org.openqa.selenium.firefox.FirefoxDriver
Command: [null, newSession {capabilities=[Capabilities {acceptInsecureCerts: true, browserName: firefox, moz:debuggerAddress: true, moz:firefoxOptions: {binary: C:\Users\asus\.cache\seleni..., prefs: {remote.active-protocols: 3}}}]}]
at org.openqa.selenium.remote.ProtocolHandshake.createSession(ProtocolHandshake.java:114)
at org.openqa.selenium.remote.ProtocolHandshake.createSession(ProtocolHandshake.java:75)
at org.openqa.selenium.remote.ProtocolHandshake.createSession(ProtocolHandshake.java:61)
at org.openqa.selenium.remote.HttpCommandExecutor.execute(HttpCommandExecutor.java:162)
at org.openqa.selenium.remote.service.DriverCommandExecutor.invokeExecute(DriverCommandExecutor.java:216)
at org.openqa.selenium.remote.service.DriverCommandExecutor.execute(DriverCommandExecutor.java:174)
at org.openqa.selenium.remote.RemoteWebDriver.execute(RemoteWebDriver.java:545)
at org.openqa.selenium.remote.RemoteWebDriver.startSession(RemoteWebDriver.java:245)
at org.openqa.selenium.remote.RemoteWebDriver.<init>(RemoteWebDriver.java:174)
at org.openqa.selenium.firefox.FirefoxDriver.<init>(FirefoxDriver.java:155)
at org.openqa.selenium.firefox.FirefoxDriver.<init>(FirefoxDriver.java:150)
at org.openqa.selenium.firefox.FirefoxDriver.<init>(FirefoxDriver.java:132)
at org.openqa.selenium.firefox.FirefoxDriver.<init>(FirefoxDriver.java:127)
at org.openqa.selenium.firefox.FirefoxDriver.<init>(FirefoxDriver.java:112)
at org.openqa.selenium.firefox.FirefoxDriver.<init>(FirefoxDriver.java:102)
at firefox.mobile.resolutionC.LifetimeOfferPageC.lifeTimeOfferPage(LifetimeOfferPageC.java:21)
at java.base/java.util.ArrayList.forEach(ArrayList.java:1511)
... Removed 27 stack frames]]>
    </failure>
  </testcase> <!-- lifeTimeOfferPage -->
  <testcase classname="firefox.mobile.resolutionC.CalleyMobileC" name="calleyPage" time="18.908">
    <failure type="org.openqa.selenium.SessionNotCreatedException" message="Could not start a new session. Response code 500. Message: Failed to decode response from marionette 
Host info: host: &amp;apos;LAPTOP-HRRLCGBU&amp;apos;, ip: &amp;apos;192.168.0.109&amp;apos;
Build info: version: &amp;apos;4.24.0&amp;apos;, revision: &amp;apos;748ffc9bc3&amp;apos;
System info: os.name: &amp;apos;Windows 11&amp;apos;, os.arch: &amp;apos;amd64&amp;apos;, os.version: &amp;apos;10.0&amp;apos;, java.version: &amp;apos;17.0.11&amp;apos;
Driver info: org.openqa.selenium.firefox.FirefoxDriver
Command: [null, newSession {capabilities=[Capabilities {acceptInsecureCerts: true, browserName: firefox, moz:debuggerAddress: true, moz:firefoxOptions: {binary: C:\Users\asus\.cache\seleni..., prefs: {remote.active-protocols: 3}}}]}]">
      <![CDATA[org.openqa.selenium.SessionNotCreatedException: Could not start a new session. Response code 500. Message: Failed to decode response from marionette 
Host info: host: 'LAPTOP-HRRLCGBU', ip: '192.168.0.109'
Build info: version: '4.24.0', revision: '748ffc9bc3'
System info: os.name: 'Windows 11', os.arch: 'amd64', os.version: '10.0', java.version: '17.0.11'
Driver info: org.openqa.selenium.firefox.FirefoxDriver
Command: [null, newSession {capabilities=[Capabilities {acceptInsecureCerts: true, browserName: firefox, moz:debuggerAddress: true, moz:firefoxOptions: {binary: C:\Users\asus\.cache\seleni..., prefs: {remote.active-protocols: 3}}}]}]
at org.openqa.selenium.remote.ProtocolHandshake.createSession(ProtocolHandshake.java:114)
at org.openqa.selenium.remote.ProtocolHandshake.createSession(ProtocolHandshake.java:75)
at org.openqa.selenium.remote.ProtocolHandshake.createSession(ProtocolHandshake.java:61)
at org.openqa.selenium.remote.HttpCommandExecutor.execute(HttpCommandExecutor.java:162)
at org.openqa.selenium.remote.service.DriverCommandExecutor.invokeExecute(DriverCommandExecutor.java:216)
at org.openqa.selenium.remote.service.DriverCommandExecutor.execute(DriverCommandExecutor.java:174)
at org.openqa.selenium.remote.RemoteWebDriver.execute(RemoteWebDriver.java:545)
at org.openqa.selenium.remote.RemoteWebDriver.startSession(RemoteWebDriver.java:245)
at org.openqa.selenium.remote.RemoteWebDriver.<init>(RemoteWebDriver.java:174)
at org.openqa.selenium.firefox.FirefoxDriver.<init>(FirefoxDriver.java:155)
at org.openqa.selenium.firefox.FirefoxDriver.<init>(FirefoxDriver.java:150)
at org.openqa.selenium.firefox.FirefoxDriver.<init>(FirefoxDriver.java:132)
at org.openqa.selenium.firefox.FirefoxDriver.<init>(FirefoxDriver.java:127)
at org.openqa.selenium.firefox.FirefoxDriver.<init>(FirefoxDriver.java:112)
at org.openqa.selenium.firefox.FirefoxDriver.<init>(FirefoxDriver.java:102)
at firefox.mobile.resolutionC.CalleyMobileC.calleyPage(CalleyMobileC.java:21)
at java.base/java.util.ArrayList.forEach(ArrayList.java:1511)
... Removed 27 stack frames]]>
    </failure>
  </testcase> <!-- calleyPage -->
</testsuite> <!-- Test -->
