<?xml version="1.0" encoding="UTF-8"?>
<testng-results ignored="0" total="1" passed="1" failed="0" skipped="0">
  <reporter-output>
  </reporter-output>
  <suite started-at="2024-09-08T08:45:55 IST" name="Default suite" finished-at="2024-09-08T08:46:03 IST" duration-ms="8242">
    <groups>
    </groups>
    <test started-at="2024-09-08T08:45:55 IST" name="Default test" finished-at="2024-09-08T08:46:03 IST" duration-ms="8242">
      <class name="com.DealsDray.functiionalTesting.Demo">
        <test-method signature="fileUpload()[pri:0, instance:com.DealsDray.functiionalTesting.Demo@2f4948e4]" started-at="2024-09-08T08:45:55 IST" name="fileUpload" finished-at="2024-09-08T08:46:03 IST" duration-ms="7866" status="PASS">
          <reporter-output>
          </reporter-output>
        </test-method> <!-- fileUpload -->
        <test-method is-config="true" signature="tearDown()[pri:0, instance:com.DealsDray.functiionalTesting.Demo@2f4948e4]" started-at="2024-09-08T08:46:03 IST" name="tearDown" finished-at="2024-09-08T08:46:03 IST" duration-ms="314" status="PASS">
          <reporter-output>
          </reporter-output>
        </test-method> <!-- tearDown -->
      </class> <!-- com.DealsDray.functiionalTesting.Demo -->
    </test> <!-- Default test -->
  </suite> <!-- Default suite -->
</testng-results>
